2021-06-29 08:10:47,381 [http-nio-8080-exec-1] INFO  c.a.a.codingame.aspect.LoggingAspect               - 
REQUESTED_ID: 3d0bc58c-8a3c-4c56-86cc-7938ace58f13
HOST: localhost:8080 HttpMethod: POST
URI: /api/users/
API METHOD: com.atos.airfrance.codingame.controllers.UserController.add
Arguments(Inputs): [AGOTSI, Komi, ssss@ss.com, ssss, 19, M, france]

2021-06-29 08:10:47,747 [http-nio-8080-exec-1] INFO  c.a.a.codingame.aspect.LoggingAspect               - 
Execution Time: 367 ms [REQUESTED_ID: 3d0bc58c-8a3c-4c56-86cc-7938ace58f13] [API: com.atos.airfrance.codingame.controllers.UserController.add] 
 [RESPONSE(OUTPUT): <201 CREATED Created,User(id=4, firstName=Komi, lastName=AGOTSI, email=ssss@ss.com, password=ssss, age=19, gender=M),[]>]
2021-06-29 08:10:48,942 [http-nio-8080-exec-3] INFO  c.a.a.codingame.aspect.LoggingAspect               - 
REQUESTED_ID: f5625b55-fddb-41d6-b050-703077f51455
HOST: localhost:8080 HttpMethod: POST
URI: /api/users/
API METHOD: com.atos.airfrance.codingame.controllers.UserController.add
Arguments(Inputs): [AGOTSI, Komi, ssss@ss.com, ssss, 19, M, france]

2021-06-29 08:10:48,949 [http-nio-8080-exec-3] INFO  c.a.a.codingame.aspect.LoggingAspect               - 
Execution Time: 7 ms [REQUESTED_ID: f5625b55-fddb-41d6-b050-703077f51455] [API: com.atos.airfrance.codingame.controllers.UserController.add] 
 [RESPONSE(OUTPUT): <201 CREATED Created,User(id=5, firstName=Komi, lastName=AGOTSI, email=ssss@ss.com, password=ssss, age=19, gender=M),[]>]
2021-06-29 08:10:51,008 [http-nio-8080-exec-4] INFO  c.a.a.codingame.aspect.LoggingAspect               - 
REQUESTED_ID: d66526f2-1bdd-4e47-9d5c-0ba6cd634a62
HOST: localhost:8080 HttpMethod: POST
URI: /api/users/
API METHOD: com.atos.airfrance.codingame.controllers.UserController.add
Arguments(Inputs): [AGOTSI, Komi, ssss@ss.com, ssss, 19, M, france]

2021-06-29 08:10:51,013 [http-nio-8080-exec-4] INFO  c.a.a.codingame.aspect.LoggingAspect               - 
Execution Time: 5 ms [REQUESTED_ID: d66526f2-1bdd-4e47-9d5c-0ba6cd634a62] [API: com.atos.airfrance.codingame.controllers.UserController.add] 
 [RESPONSE(OUTPUT): <201 CREATED Created,User(id=6, firstName=Komi, lastName=AGOTSI, email=ssss@ss.com, password=ssss, age=19, gender=M),[]>]
2021-06-29 08:10:56,444 [http-nio-8080-exec-5] INFO  c.a.a.codingame.aspect.LoggingAspect               - 
REQUESTED_ID: ae1285dd-2ac7-4871-bb1c-99e71f33eafe
HOST: localhost:8080 HttpMethod: GET
URI: /api/users/1
API METHOD: com.atos.airfrance.codingame.controllers.UserController.get
Arguments(Inputs): [1]

2021-06-29 08:10:56,473 [http-nio-8080-exec-5] INFO  c.a.a.codingame.aspect.LoggingAspect               - 
Execution Time: 30 ms [REQUESTED_ID: ae1285dd-2ac7-4871-bb1c-99e71f33eafe] [API: com.atos.airfrance.codingame.controllers.UserController.get] 
 [RESPONSE(OUTPUT): <200 OK OK,ResponseDTO(status=200 OK, message=Success!, details=null, body=User(id=1, firstName=Komi, lastName=AGOTSI, email=ssss@ss.com, password=ssss, age=19, gender=M)),[]>]
2021-06-29 09:01:34,699 [http-nio-8080-exec-8] INFO  c.a.a.codingame.aspect.LoggingAspect               - 
REQUESTED_ID: 2be79f48-1c9e-492b-81e6-9ceee301f73e
HOST: localhost:8080 HttpMethod: GET
URI: /api/users/1
API METHOD: com.atos.airfrance.codingame.controllers.UserController.get
Arguments(Inputs): [1]

2021-06-29 09:01:34,798 [http-nio-8080-exec-8] INFO  c.a.a.codingame.aspect.LoggingAspect               - 
Execution Time: 105 ms [REQUESTED_ID: 2be79f48-1c9e-492b-81e6-9ceee301f73e] [API: com.atos.airfrance.codingame.controllers.UserController.get] 
 [RESPONSE(OUTPUT): <200 OK OK,ResponseDTO(status=200 OK, message=Success!, details=null, body=User(id=1, firstName=Komi, lastName=AGOTSI, email=ssss@ss.com, password=ssss, age=19, gender=M)),[]>]
2021-06-29 09:02:21,766 [http-nio-8080-exec-9] INFO  c.a.a.codingame.aspect.LoggingAspect               - 
REQUESTED_ID: 9c97a9fd-a0af-4f63-9381-b023f957e1d8
HOST: localhost:8080 HttpMethod: GET
URI: /api/users/1222
API METHOD: com.atos.airfrance.codingame.controllers.UserController.get
Arguments(Inputs): [1222]

2021-06-29 09:02:21,781 [http-nio-8080-exec-9] INFO  c.a.a.codingame.aspect.LoggingAspect               - 
Exception when executing method : User com.atos.airfrance.codingame.services.UserService.getUser(Long) 
details :   No record found
2021-06-29 09:03:03,125 [http-nio-8080-exec-10] INFO  c.a.a.codingame.aspect.LoggingAspect               - 
REQUESTED_ID: 5ca54bb2-7f62-45d5-813a-28bf32a84a37
HOST: localhost:8080 HttpMethod: POST
URI: /api/users/
API METHOD: com.atos.airfrance.codingame.controllers.UserController.add
Arguments(Inputs): [AGOTSI, Komi, ssss@ss.com, ssss, 19, M, france]

2021-06-29 09:03:03,156 [http-nio-8080-exec-10] INFO  c.a.a.codingame.aspect.LoggingAspect               - 
Execution Time: 31 ms [REQUESTED_ID: 5ca54bb2-7f62-45d5-813a-28bf32a84a37] [API: com.atos.airfrance.codingame.controllers.UserController.add] 
 [RESPONSE(OUTPUT): <201 CREATED Created,User(id=7, firstName=Komi, lastName=AGOTSI, email=ssss@ss.com, password=ssss, age=19, gender=M),[]>]
2021-06-29 09:03:04,542 [http-nio-8080-exec-2] INFO  c.a.a.codingame.aspect.LoggingAspect               - 
REQUESTED_ID: b4ae99a5-699f-43c2-9239-afc0f24fa608
HOST: localhost:8080 HttpMethod: POST
URI: /api/users/
API METHOD: com.atos.airfrance.codingame.controllers.UserController.add
Arguments(Inputs): [AGOTSI, Komi, ssss@ss.com, ssss, 19, M, france]

2021-06-29 09:03:04,557 [http-nio-8080-exec-2] INFO  c.a.a.codingame.aspect.LoggingAspect               - 
Execution Time: 15 ms [REQUESTED_ID: b4ae99a5-699f-43c2-9239-afc0f24fa608] [API: com.atos.airfrance.codingame.controllers.UserController.add] 
 [RESPONSE(OUTPUT): <201 CREATED Created,User(id=8, firstName=Komi, lastName=AGOTSI, email=ssss@ss.com, password=ssss, age=19, gender=M),[]>]
2021-06-29 09:03:08,518 [http-nio-8080-exec-1] INFO  c.a.a.codingame.aspect.LoggingAspect               - 
REQUESTED_ID: 40d0633c-5502-48aa-9276-96d4988202c6
HOST: localhost:8080 HttpMethod: POST
URI: /api/users/
API METHOD: com.atos.airfrance.codingame.controllers.UserController.add
Arguments(Inputs): [AGOTSI, Komi, ssss@ss.com, ssss, 19, M, france]

2021-06-29 09:03:08,523 [http-nio-8080-exec-1] INFO  c.a.a.codingame.aspect.LoggingAspect               - 
Execution Time: 4 ms [REQUESTED_ID: 40d0633c-5502-48aa-9276-96d4988202c6] [API: com.atos.airfrance.codingame.controllers.UserController.add] 
 [RESPONSE(OUTPUT): <201 CREATED Created,User(id=9, firstName=Komi, lastName=AGOTSI, email=ssss@ss.com, password=ssss, age=19, gender=M),[]>]
2021-06-29 09:03:58,862 [http-nio-8080-exec-3] INFO  c.a.a.codingame.aspect.LoggingAspect               - 
REQUESTED_ID: aa7a9ee1-0c6a-44a0-8540-ce1af5b504b9
HOST: localhost:8080 HttpMethod: POST
URI: /api/users/
API METHOD: com.atos.airfrance.codingame.controllers.UserController.add
Arguments(Inputs): [DURAND, Komi, ssss@ss.com, password, 19, M, france]

2021-06-29 09:03:58,872 [http-nio-8080-exec-3] INFO  c.a.a.codingame.aspect.LoggingAspect               - 
Execution Time: 10 ms [REQUESTED_ID: aa7a9ee1-0c6a-44a0-8540-ce1af5b504b9] [API: com.atos.airfrance.codingame.controllers.UserController.add] 
 [RESPONSE(OUTPUT): <201 CREATED Created,User(id=10, firstName=Komi, lastName=DURAND, email=ssss@ss.com, password=password, age=19, gender=M),[]>]
2021-06-29 09:04:57,202 [http-nio-8080-exec-4] INFO  c.a.a.codingame.aspect.LoggingAspect               - 
REQUESTED_ID: ddc91165-d679-4bec-ad74-b3b8749d886a
HOST: localhost:8080 HttpMethod: POST
URI: /api/users/
API METHOD: com.atos.airfrance.codingame.controllers.UserController.add
Arguments(Inputs): [DURAND, Komi, ssss@ss.com, ssss, 16, M, Allemangne]

2021-06-29 09:05:10,923 [http-nio-8080-exec-6] INFO  c.a.a.codingame.aspect.LoggingAspect               - 
REQUESTED_ID: f2a76c9d-c0f7-4d15-8f58-ace6ceaa21df
HOST: localhost:8080 HttpMethod: POST
URI: /api/users/
API METHOD: com.atos.airfrance.codingame.controllers.UserController.add
Arguments(Inputs): [DURAND, Komi, ssss@ss.com, ssss, 16, M, Allemangne]

2021-06-29 09:06:13,585 [http-nio-8080-exec-8] INFO  c.a.a.codingame.aspect.LoggingAspect               - 
REQUESTED_ID: 8ea3cd6a-91c2-4719-a354-7a406f8dc33a
HOST: localhost:8080 HttpMethod: GET
URI: /api/users/1
API METHOD: com.atos.airfrance.codingame.controllers.UserController.get
Arguments(Inputs): [1]

2021-06-29 09:06:13,587 [http-nio-8080-exec-8] INFO  c.a.a.codingame.aspect.LoggingAspect               - 
Execution Time: 2 ms [REQUESTED_ID: 8ea3cd6a-91c2-4719-a354-7a406f8dc33a] [API: com.atos.airfrance.codingame.controllers.UserController.get] 
 [RESPONSE(OUTPUT): <200 OK OK,ResponseDTO(status=200 OK, message=Success!, details=null, body=User(id=1, firstName=Komi, lastName=AGOTSI, email=ssss@ss.com, password=ssss, age=19, gender=M)),[]>]
2021-06-29 09:06:18,483 [http-nio-8080-exec-9] INFO  c.a.a.codingame.aspect.LoggingAspect               - 
REQUESTED_ID: 3a0d435f-5817-4d4b-bf9b-34131ac81aa2
HOST: localhost:8080 HttpMethod: GET
URI: /api/users/1222
API METHOD: com.atos.airfrance.codingame.controllers.UserController.get
Arguments(Inputs): [1222]

2021-06-29 09:06:18,484 [http-nio-8080-exec-9] INFO  c.a.a.codingame.aspect.LoggingAspect               - 
Exception when executing method : User com.atos.airfrance.codingame.services.UserService.getUser(Long) 
details :   No record found
2021-06-29 09:07:35,519 [http-nio-8080-exec-1] INFO  c.a.a.codingame.aspect.LoggingAspect               - 
REQUESTED_ID: 648448d0-9ff6-4d40-bb23-e5b35b1ffc15
HOST: localhost:8080 HttpMethod: GET
URI: /api/users/1222
API METHOD: com.atos.airfrance.codingame.controllers.UserController.get
Arguments(Inputs): [1222]

2021-06-29 09:07:35,526 [http-nio-8080-exec-1] INFO  c.a.a.codingame.aspect.LoggingAspect               - 
Exception when executing method : User com.atos.airfrance.codingame.services.UserService.getUser(Long) 
details :   No record found
2021-06-29 09:08:09,419 [http-nio-8080-exec-2] INFO  c.a.a.codingame.aspect.LoggingAspect               - 
REQUESTED_ID: 9e1fc41e-9e26-44e2-9e56-2f1566e89fa4
HOST: localhost:8080 HttpMethod: GET
URI: /api/users/1222
API METHOD: com.atos.airfrance.codingame.controllers.UserController.get
Arguments(Inputs): [1222]

2021-06-29 09:08:10,650 [http-nio-8080-exec-3] INFO  c.a.a.codingame.aspect.LoggingAspect               - 
REQUESTED_ID: d61a9e15-bf62-4763-bbfb-27b94194aff2
HOST: localhost:8080 HttpMethod: GET
URI: /api/users/1222
API METHOD: com.atos.airfrance.codingame.controllers.UserController.get
Arguments(Inputs): [1222]

2021-06-29 09:12:01,521 [http-nio-8080-exec-6] INFO  c.a.a.codingame.aspect.LoggingAspect               - 
REQUESTED_ID: 4dc93be1-d812-4163-9729-5832e969f092
HOST: localhost:8080 HttpMethod: GET
URI: /api/users/1222
API METHOD: com.atos.airfrance.codingame.controllers.UserController.get
Arguments(Inputs): [1222]

2021-06-29 09:23:01,271 [http-nio-8080-exec-1] INFO  c.a.a.codingame.aspect.LoggingAspect               - 
REQUESTED_ID: 98bb1416-a151-4807-8ad4-c0dd2c02db44
HOST: localhost:8080 HttpMethod: GET
URI: /api/users/1222
API METHOD: com.atos.airfrance.codingame.controllers.UserController.get
Arguments(Inputs): [1222]

2021-06-29 09:23:01,404 [http-nio-8080-exec-1] INFO  c.a.a.codingame.aspect.LoggingAspect               - 
Exception when executing method : User com.atos.airfrance.codingame.services.UserService.getUser(Long) 
details :   No record found
2021-06-29 09:23:12,101 [http-nio-8080-exec-3] INFO  c.a.a.codingame.aspect.LoggingAspect               - 
REQUESTED_ID: 59fbaa5f-d8f1-481b-94ce-e677446271d6
HOST: localhost:8080 HttpMethod: POST
URI: /api/users/
API METHOD: com.atos.airfrance.codingame.controllers.UserController.add
Arguments(Inputs): [DURAND, Komi, ssss@ss.com, ssss, 16, M, Allemangne]

2021-06-29 09:23:14,985 [http-nio-8080-exec-5] INFO  c.a.a.codingame.aspect.LoggingAspect               - 
REQUESTED_ID: 8b217f99-acd9-45ac-b1c6-77df482ac44f
HOST: localhost:8080 HttpMethod: POST
URI: /api/users/
API METHOD: com.atos.airfrance.codingame.controllers.UserController.add
Arguments(Inputs): [DURAND, Komi, ssss@ss.com, ssss, 16, M, Allemangne]

2021-06-29 09:23:23,105 [http-nio-8080-exec-7] INFO  c.a.a.codingame.aspect.LoggingAspect               - 
REQUESTED_ID: ad70bf32-a876-47e7-97a8-44469d22060f
HOST: localhost:8080 HttpMethod: POST
URI: /api/users/
API METHOD: com.atos.airfrance.codingame.controllers.UserController.add
Arguments(Inputs): [DURAND, Komi, ssss@ss.com, ssss, 16, M, Allemangne]

2021-06-29 09:23:31,562 [http-nio-8080-exec-9] INFO  c.a.a.codingame.aspect.LoggingAspect               - 
REQUESTED_ID: dacbdd59-da36-4dd5-9c7c-5d7961846f98
HOST: localhost:8080 HttpMethod: GET
URI: /api/users/1222
API METHOD: com.atos.airfrance.codingame.controllers.UserController.get
Arguments(Inputs): [1222]

2021-06-29 09:23:31,566 [http-nio-8080-exec-9] INFO  c.a.a.codingame.aspect.LoggingAspect               - 
Exception when executing method : User com.atos.airfrance.codingame.services.UserService.getUser(Long) 
details :   No record found
2021-06-29 09:23:38,477 [http-nio-8080-exec-10] INFO  c.a.a.codingame.aspect.LoggingAspect               - 
REQUESTED_ID: b41b69f5-72f8-44ad-9463-6bad93396f51
HOST: localhost:8080 HttpMethod: GET
URI: /api/users/1
API METHOD: com.atos.airfrance.codingame.controllers.UserController.get
Arguments(Inputs): [1]

2021-06-29 09:23:38,502 [http-nio-8080-exec-10] INFO  c.a.a.codingame.aspect.LoggingAspect               - 
Execution Time: 25 ms [REQUESTED_ID: b41b69f5-72f8-44ad-9463-6bad93396f51] [API: com.atos.airfrance.codingame.controllers.UserController.get] 
 [RESPONSE(OUTPUT): <200 OK OK,ResponseDTO(status=200 OK, message=Success!, details=null, body=User(id=1, firstName=Komi, lastName=AGOTSI, email=ssss@ss.com, password=ssss, age=19, gender=M)),[]>]
2021-06-29 09:23:42,944 [http-nio-8080-exec-2] INFO  c.a.a.codingame.aspect.LoggingAspect               - 
REQUESTED_ID: 5c7fc2d2-7926-4d32-89e8-15205b478119
HOST: localhost:8080 HttpMethod: GET
URI: /api/users/1
API METHOD: com.atos.airfrance.codingame.controllers.UserController.get
Arguments(Inputs): [1]

2021-06-29 09:23:42,947 [http-nio-8080-exec-2] INFO  c.a.a.codingame.aspect.LoggingAspect               - 
Execution Time: 3 ms [REQUESTED_ID: 5c7fc2d2-7926-4d32-89e8-15205b478119] [API: com.atos.airfrance.codingame.controllers.UserController.get] 
 [RESPONSE(OUTPUT): <200 OK OK,ResponseDTO(status=200 OK, message=Success!, details=null, body=User(id=1, firstName=Komi, lastName=AGOTSI, email=ssss@ss.com, password=ssss, age=19, gender=M)),[]>]
2021-06-29 09:23:47,771 [http-nio-8080-exec-1] INFO  c.a.a.codingame.aspect.LoggingAspect               - 
REQUESTED_ID: b1966060-091b-4269-95dd-eaf3387bcdc3
HOST: localhost:8080 HttpMethod: POST
URI: /api/users/
API METHOD: com.atos.airfrance.codingame.controllers.UserController.add
Arguments(Inputs): [AGOTSI, Komi, ssss@ss.com, ssss, 19, M, france]

2021-06-29 09:23:47,880 [http-nio-8080-exec-1] INFO  c.a.a.codingame.aspect.LoggingAspect               - 
Execution Time: 109 ms [REQUESTED_ID: b1966060-091b-4269-95dd-eaf3387bcdc3] [API: com.atos.airfrance.codingame.controllers.UserController.add] 
 [RESPONSE(OUTPUT): <201 CREATED Created,User(id=11, firstName=Komi, lastName=AGOTSI, email=ssss@ss.com, password=ssss, age=19, gender=M),[]>]
2021-06-29 09:23:50,768 [http-nio-8080-exec-3] INFO  c.a.a.codingame.aspect.LoggingAspect               - 
REQUESTED_ID: 75a10384-498a-4962-949b-72bfc0c44db1
HOST: localhost:8080 HttpMethod: POST
URI: /api/users/
API METHOD: com.atos.airfrance.codingame.controllers.UserController.add
Arguments(Inputs): [DURAND, Komi, ssss@ss.com, ssss, 16, M, Allemangne]

2021-06-29 09:26:23,352 [http-nio-8080-exec-2] INFO  c.a.a.codingame.aspect.LoggingAspect               - 
REQUESTED_ID: 9b17ceea-3f1a-4b98-a85e-c99e1bdf6ba4
HOST: localhost:8080 HttpMethod: POST
URI: /api/users/
API METHOD: com.atos.airfrance.codingame.controllers.UserController.add
Arguments(Inputs): [DURAND, Komi, ssss@ss.com, ssss, 16, M, Allemangne]

2021-06-29 09:26:33,290 [http-nio-8080-exec-4] INFO  c.a.a.codingame.aspect.LoggingAspect               - 
REQUESTED_ID: 7cc948f5-3bf9-47ce-95ab-a7baaa32cdcd
HOST: localhost:8080 HttpMethod: POST
URI: /api/users/
API METHOD: com.atos.airfrance.codingame.controllers.UserController.add
Arguments(Inputs): [DURAND, Komi, ssss@ss.com, ssss, 19, M, Allemangne]

2021-06-29 09:26:37,523 [http-nio-8080-exec-5] INFO  c.a.a.codingame.aspect.LoggingAspect               - 
REQUESTED_ID: 1b7ac5c6-a7a5-40fd-9def-a2b8cbfb81b0
HOST: localhost:8080 HttpMethod: POST
URI: /api/users/
API METHOD: com.atos.airfrance.codingame.controllers.UserController.add
Arguments(Inputs): [DURAND, Komi, ssss@ss.com, ssss, 19, M, France]

2021-06-29 09:26:37,717 [http-nio-8080-exec-5] INFO  c.a.a.codingame.aspect.LoggingAspect               - 
Execution Time: 194 ms [REQUESTED_ID: 1b7ac5c6-a7a5-40fd-9def-a2b8cbfb81b0] [API: com.atos.airfrance.codingame.controllers.UserController.add] 
 [RESPONSE(OUTPUT): <201 CREATED Created,User(id=12, firstName=Komi, lastName=DURAND, email=ssss@ss.com, password=ssss, age=19, gender=M),[]>]
2021-06-29 09:26:42,733 [http-nio-8080-exec-7] INFO  c.a.a.codingame.aspect.LoggingAspect               - 
REQUESTED_ID: 145c03e6-c79d-4b3c-8ab3-5c7e6384921e
HOST: localhost:8080 HttpMethod: POST
URI: /api/users/
API METHOD: com.atos.airfrance.codingame.controllers.UserController.add
Arguments(Inputs): [DURAND, Komi, ssss@ss.com, ssss, 19, M, Francs]

2021-06-29 09:28:12,569 [http-nio-8080-exec-2] INFO  c.a.a.codingame.aspect.LoggingAspect               - 
REQUESTED_ID: 914dd8d5-7d42-4b67-92d3-57f73f65cf7e
HOST: localhost:8080 HttpMethod: POST
URI: /api/users/
API METHOD: com.atos.airfrance.codingame.controllers.UserController.add
Arguments(Inputs): [DURAND, Komi, ssss@ss.com, ssss, 19, M, Francs]

2021-06-29 09:28:46,187 [http-nio-8080-exec-4] INFO  c.a.a.codingame.aspect.LoggingAspect               - 
REQUESTED_ID: 651c0706-f1de-47c2-9a08-672b04950d69
HOST: localhost:8080 HttpMethod: POST
URI: /api/users/
API METHOD: com.atos.airfrance.codingame.controllers.UserController.add
Arguments(Inputs): [DURAND, Komi, ssss@ss.com, ssss, 19, M, Francs]

2021-06-29 09:28:51,326 [http-nio-8080-exec-6] INFO  c.a.a.codingame.aspect.LoggingAspect               - 
REQUESTED_ID: 6159837f-dbef-40ed-9a52-ca7fa49774a4
HOST: localhost:8080 HttpMethod: POST
URI: /api/users/
API METHOD: com.atos.airfrance.codingame.controllers.UserController.add
Arguments(Inputs): [DURAND, Komi, ssss@ss.com, ssss, 11, M, Francs]

2021-06-29 09:31:35,641 [http-nio-8080-exec-8] INFO  c.a.a.codingame.aspect.LoggingAspect               - 
REQUESTED_ID: f64d2d9a-47a8-46d1-9b6d-833184524b02
HOST: localhost:8080 HttpMethod: POST
URI: /api/users/
API METHOD: com.atos.airfrance.codingame.controllers.UserController.add
Arguments(Inputs): [AGOTSI, Komi, ssss@ss.com, ssss, 19, M, france]

2021-06-29 09:31:35,844 [http-nio-8080-exec-8] INFO  c.a.a.codingame.aspect.LoggingAspect               - 
Execution Time: 203 ms [REQUESTED_ID: f64d2d9a-47a8-46d1-9b6d-833184524b02] [API: com.atos.airfrance.codingame.controllers.UserController.add] 
 [RESPONSE(OUTPUT): <201 CREATED Created,User(id=13, firstName=Komi, lastName=AGOTSI, email=ssss@ss.com, password=ssss, age=19, gender=M),[]>]
2021-06-29 09:31:44,814 [http-nio-8080-exec-9] INFO  c.a.a.codingame.aspect.LoggingAspect               - 
REQUESTED_ID: ba5b7804-e29f-4b4a-b7a6-55630622e583
HOST: localhost:8080 HttpMethod: POST
URI: /api/users/
API METHOD: com.atos.airfrance.codingame.controllers.UserController.add
Arguments(Inputs): [AGOTSI, Komi, ssss@ss.com, ssss, 19, M, france]

2021-06-29 09:31:44,820 [http-nio-8080-exec-9] INFO  c.a.a.codingame.aspect.LoggingAspect               - 
Execution Time: 6 ms [REQUESTED_ID: ba5b7804-e29f-4b4a-b7a6-55630622e583] [API: com.atos.airfrance.codingame.controllers.UserController.add] 
 [RESPONSE(OUTPUT): <201 CREATED Created,User(id=14, firstName=Komi, lastName=AGOTSI, email=ssss@ss.com, password=ssss, age=19, gender=M),[]>]
2021-06-29 09:31:54,567 [http-nio-8080-exec-10] INFO  c.a.a.codingame.aspect.LoggingAspect               - 
REQUESTED_ID: 17cc7e48-af4b-4699-bd8b-0e026c19f50f
HOST: localhost:8080 HttpMethod: POST
URI: /api/users/
API METHOD: com.atos.airfrance.codingame.controllers.UserController.add
Arguments(Inputs): [AGOTSI, Komi, ssss@ss.com, ssss, 12, M, Germany]

2021-06-29 09:36:17,557 [http-nio-8080-exec-2] INFO  c.a.a.codingame.aspect.LoggingAspect               - 
REQUESTED_ID: d926e3fa-4270-43eb-b313-14f1ea18b18e
HOST: localhost:8080 HttpMethod: GET
URI: /api/users/1
API METHOD: com.atos.airfrance.codingame.controllers.UserController.get
Arguments(Inputs): [1]

2021-06-29 09:36:17,615 [http-nio-8080-exec-2] INFO  c.a.a.codingame.aspect.LoggingAspect               - 
Execution Time: 58 ms [REQUESTED_ID: d926e3fa-4270-43eb-b313-14f1ea18b18e] [API: com.atos.airfrance.codingame.controllers.UserController.get] 
 [RESPONSE(OUTPUT): <200 OK OK,ResponseDTO(status=200 OK, message=Success!, details=null, body=User(id=1, firstName=Komi, lastName=AGOTSI, email=ssss@ss.com, password=ssss, age=19, gender=M)),[]>]
2021-06-29 09:37:09,555 [http-nio-8080-exec-3] INFO  c.a.a.codingame.aspect.LoggingAspect               - 
REQUESTED_ID: 479ab633-65c9-4a4f-a431-ce2576eb6af1
HOST: localhost:8080 HttpMethod: GET
URI: /api/users/1222
API METHOD: com.atos.airfrance.codingame.controllers.UserController.get
Arguments(Inputs): [1222]

2021-06-29 09:37:09,558 [http-nio-8080-exec-3] INFO  c.a.a.codingame.aspect.LoggingAspect               - 
Exception when executing method : User com.atos.airfrance.codingame.services.UserService.getUser(Long) 
details :   No record found
2021-06-29 09:37:47,036 [http-nio-8080-exec-4] INFO  c.a.a.codingame.aspect.LoggingAspect               - 
REQUESTED_ID: 9fc9d0eb-c514-4d61-996f-606189b31b09
HOST: localhost:8080 HttpMethod: POST
URI: /api/users/
API METHOD: com.atos.airfrance.codingame.controllers.UserController.add
Arguments(Inputs): [AGOTSI, Komi, ssss@ss.com, ssss, 19, M, france]

2021-06-29 09:37:47,087 [http-nio-8080-exec-4] INFO  c.a.a.codingame.aspect.LoggingAspect               - 
Execution Time: 54 ms [REQUESTED_ID: 9fc9d0eb-c514-4d61-996f-606189b31b09] [API: com.atos.airfrance.codingame.controllers.UserController.add] 
 [RESPONSE(OUTPUT): <201 CREATED Created,User(id=15, firstName=Komi, lastName=AGOTSI, email=ssss@ss.com, password=ssss, age=19, gender=M),[]>]
2021-06-29 09:38:16,039 [http-nio-8080-exec-5] INFO  c.a.a.codingame.aspect.LoggingAspect               - 
REQUESTED_ID: 8b58bef4-896d-413a-9f5e-dfe7d79ef7de
HOST: localhost:8080 HttpMethod: POST
URI: /api/users/
API METHOD: com.atos.airfrance.codingame.controllers.UserController.add
Arguments(Inputs): [DURAND, Komi, ssss@ss.com, password, 11, M, Francs]

2021-06-29 09:38:21,512 [http-nio-8080-exec-7] INFO  c.a.a.codingame.aspect.LoggingAspect               - 
REQUESTED_ID: f9090da9-8972-4526-b913-67170f5625b6
HOST: localhost:8080 HttpMethod: POST
URI: /api/users/
API METHOD: com.atos.airfrance.codingame.controllers.UserController.add
Arguments(Inputs): [DURAND, Komi, ssss@ss.com, password, 11, M, Francs]

2021-06-29 09:38:27,768 [http-nio-8080-exec-9] INFO  c.a.a.codingame.aspect.LoggingAspect               - 
REQUESTED_ID: d88db0f1-3d48-4f98-af87-c506576108b6
HOST: localhost:8080 HttpMethod: POST
URI: /api/users/
API METHOD: com.atos.airfrance.codingame.controllers.UserController.add
Arguments(Inputs): [DURAND, Komi, ssss@ss.com, password, 20, M, Francs]

2021-06-29 09:38:32,730 [http-nio-8080-exec-1] INFO  c.a.a.codingame.aspect.LoggingAspect               - 
REQUESTED_ID: c4aa0f12-b1f6-46fc-a0a9-d74e13504662
HOST: localhost:8080 HttpMethod: POST
URI: /api/users/
API METHOD: com.atos.airfrance.codingame.controllers.UserController.add
Arguments(Inputs): [DURAND, Komi, ssss@ss.com, password, 20, M, France]

2021-06-29 09:38:32,738 [http-nio-8080-exec-1] INFO  c.a.a.codingame.aspect.LoggingAspect               - 
Execution Time: 8 ms [REQUESTED_ID: c4aa0f12-b1f6-46fc-a0a9-d74e13504662] [API: com.atos.airfrance.codingame.controllers.UserController.add] 
 [RESPONSE(OUTPUT): <201 CREATED Created,User(id=16, firstName=Komi, lastName=DURAND, email=ssss@ss.com, password=password, age=20, gender=M),[]>]
2021-06-29 09:39:16,768 [http-nio-8080-exec-2] INFO  c.a.a.codingame.aspect.LoggingAspect               - 
REQUESTED_ID: f37b7d71-9b94-4637-9226-b48799273c24
HOST: localhost:8080 HttpMethod: POST
URI: /api/users/
API METHOD: com.atos.airfrance.codingame.controllers.UserController.add
Arguments(Inputs): [AGOTSI, Komi, ssss@ss.com, ssss, 12, M, Germany]

2021-06-29 09:42:12,460 [http-nio-8080-exec-3] INFO  c.a.a.codingame.aspect.LoggingAspect               - 
REQUESTED_ID: 98ce2c56-dfcd-4291-9f89-30fc1c240afc
HOST: localhost:8080 HttpMethod: GET
URI: /api/users/1
API METHOD: com.atos.airfrance.codingame.controllers.UserController.get
Arguments(Inputs): [1]

2021-06-29 09:42:12,476 [http-nio-8080-exec-3] INFO  c.a.a.codingame.aspect.LoggingAspect               - 
Execution Time: 17 ms [REQUESTED_ID: 98ce2c56-dfcd-4291-9f89-30fc1c240afc] [API: com.atos.airfrance.codingame.controllers.UserController.get] 
 [RESPONSE(OUTPUT): <200 OK OK,ResponseDTO(status=200 OK, message=Success!, details=null, body=User(id=1, firstName=Komi, lastName=AGOTSI, email=ssss@ss.com, password=ssss, age=19, gender=M)),[]>]
2021-06-29 09:42:48,526 [http-nio-8080-exec-5] INFO  c.a.a.codingame.aspect.LoggingAspect               - 
REQUESTED_ID: 13a0049f-d117-43c1-b8c5-b6cb74b5fde5
HOST: localhost:8080 HttpMethod: GET
URI: /api/users/1222
API METHOD: com.atos.airfrance.codingame.controllers.UserController.get
Arguments(Inputs): [1222]

2021-06-29 09:42:48,529 [http-nio-8080-exec-5] INFO  c.a.a.codingame.aspect.LoggingAspect               - 
Exception when executing method : User com.atos.airfrance.codingame.services.UserService.getUser(Long) 
details :   No record found
2021-06-29 09:43:30,743 [http-nio-8080-exec-6] INFO  c.a.a.codingame.aspect.LoggingAspect               - 
REQUESTED_ID: 3ec5f2e5-eb04-4660-9cb0-dd288c2f3b4e
HOST: localhost:8080 HttpMethod: POST
URI: /api/users/
API METHOD: com.atos.airfrance.codingame.controllers.UserController.add
Arguments(Inputs): [AGOTSI, Komi, ssss@ss.com, ssss, 19, M, france]

2021-06-29 09:43:30,754 [http-nio-8080-exec-6] INFO  c.a.a.codingame.aspect.LoggingAspect               - 
Execution Time: 11 ms [REQUESTED_ID: 3ec5f2e5-eb04-4660-9cb0-dd288c2f3b4e] [API: com.atos.airfrance.codingame.controllers.UserController.add] 
 [RESPONSE(OUTPUT): <201 CREATED Created,User(id=17, firstName=Komi, lastName=AGOTSI, email=ssss@ss.com, password=ssss, age=19, gender=M),[]>]
2021-06-29 09:44:01,276 [http-nio-8080-exec-7] INFO  c.a.a.codingame.aspect.LoggingAspect               - 
REQUESTED_ID: fc385714-ff66-4e79-a847-8f7c66947924
HOST: localhost:8080 HttpMethod: POST
URI: /api/users/
API METHOD: com.atos.airfrance.codingame.controllers.UserController.add
Arguments(Inputs): [DURAND, Komi, ssss@ss.com, password, 20, M, France]

2021-06-29 09:44:01,281 [http-nio-8080-exec-7] INFO  c.a.a.codingame.aspect.LoggingAspect               - 
Execution Time: 5 ms [REQUESTED_ID: fc385714-ff66-4e79-a847-8f7c66947924] [API: com.atos.airfrance.codingame.controllers.UserController.add] 
 [RESPONSE(OUTPUT): <201 CREATED Created,User(id=18, firstName=Komi, lastName=DURAND, email=ssss@ss.com, password=password, age=20, gender=M),[]>]
2021-06-29 09:44:44,357 [http-nio-8080-exec-8] INFO  c.a.a.codingame.aspect.LoggingAspect               - 
REQUESTED_ID: 8f940d19-2818-4cd6-9cf3-bcd67d2b6d5a
HOST: localhost:8080 HttpMethod: POST
URI: /api/users/
API METHOD: com.atos.airfrance.codingame.controllers.UserController.add
Arguments(Inputs): [AGOTSI, Komi, ssss@ss.com, ssss, 12, M, Germany]

2021-06-29 10:08:01,290 [http-nio-8080-exec-10] INFO  c.a.a.codingame.aspect.LoggingAspect               - 
REQUESTED_ID: 36ed96ba-8eac-4feb-ac7a-57051545b2ff
HOST: localhost:8080 HttpMethod: GET
URI: /api/users/1
API METHOD: com.atos.airfrance.codingame.controllers.UserController.get
Arguments(Inputs): [1]

2021-06-29 10:08:01,310 [http-nio-8080-exec-10] INFO  c.a.a.codingame.aspect.LoggingAspect               - 
Execution Time: 21 ms [REQUESTED_ID: 36ed96ba-8eac-4feb-ac7a-57051545b2ff] [API: com.atos.airfrance.codingame.controllers.UserController.get] 
 [RESPONSE(OUTPUT): <200 OK OK,ResponseDTO(status=200 OK, message=Success!, details=null, body=User(id=1, firstName=Komi, lastName=AGOTSI, email=ssss@ss.com, password=ssss, age=19, gender=M)),[]>]
2021-06-29 10:08:39,545 [http-nio-8080-exec-1] INFO  c.a.a.codingame.aspect.LoggingAspect               - 
REQUESTED_ID: f151c06e-82d8-4943-972b-3743aaff873d
HOST: localhost:8080 HttpMethod: GET
URI: /api/users/1222
API METHOD: com.atos.airfrance.codingame.controllers.UserController.get
Arguments(Inputs): [1222]

2021-06-29 10:08:39,549 [http-nio-8080-exec-1] INFO  c.a.a.codingame.aspect.LoggingAspect               - 
Exception when executing method : User com.atos.airfrance.codingame.services.UserService.getUser(Long) 
details :   No record found
2021-06-29 10:09:35,250 [http-nio-8080-exec-2] INFO  c.a.a.codingame.aspect.LoggingAspect               - 
REQUESTED_ID: a93f6d45-cc8f-48d7-a0ba-572a8165a722
HOST: localhost:8080 HttpMethod: POST
URI: /api/users/
API METHOD: com.atos.airfrance.codingame.controllers.UserController.add
Arguments(Inputs): [AGOTSI, Komi, ssss@ss.com, ssss, 19, M, france]

2021-06-29 10:09:35,270 [http-nio-8080-exec-2] INFO  c.a.a.codingame.aspect.LoggingAspect               - 
Execution Time: 20 ms [REQUESTED_ID: a93f6d45-cc8f-48d7-a0ba-572a8165a722] [API: com.atos.airfrance.codingame.controllers.UserController.add] 
 [RESPONSE(OUTPUT): <201 CREATED Created,User(id=19, firstName=Komi, lastName=AGOTSI, email=ssss@ss.com, password=ssss, age=19, gender=M),[]>]
2021-06-29 10:10:17,243 [http-nio-8080-exec-4] INFO  c.a.a.codingame.aspect.LoggingAspect               - 
REQUESTED_ID: b6bd63fd-e18e-4827-bfc4-4f9d683f21d4
HOST: localhost:8080 HttpMethod: POST
URI: /api/users/
API METHOD: com.atos.airfrance.codingame.controllers.UserController.add
Arguments(Inputs): [DURAND, Komi, ssss@ss.com, password, 20, M, France]

2021-06-29 10:10:17,252 [http-nio-8080-exec-4] INFO  c.a.a.codingame.aspect.LoggingAspect               - 
Execution Time: 9 ms [REQUESTED_ID: b6bd63fd-e18e-4827-bfc4-4f9d683f21d4] [API: com.atos.airfrance.codingame.controllers.UserController.add] 
 [RESPONSE(OUTPUT): <201 CREATED Created,User(id=20, firstName=Komi, lastName=DURAND, email=ssss@ss.com, password=password, age=20, gender=M),[]>]
2021-06-29 10:10:54,496 [http-nio-8080-exec-3] INFO  c.a.a.codingame.aspect.LoggingAspect               - 
REQUESTED_ID: 90d58ce7-9d22-458d-bffb-f81871e83d91
HOST: localhost:8080 HttpMethod: POST
URI: /api/users/
API METHOD: com.atos.airfrance.codingame.controllers.UserController.add
Arguments(Inputs): [AGOTSI, Komi, ssss@ss.com, ssss, 12, M, Germany]

2021-06-29 10:14:18,749 [http-nio-8080-exec-6] INFO  c.a.a.codingame.aspect.LoggingAspect               - 
REQUESTED_ID: 539cda46-075c-406e-96f1-fc7c8bdb37d6
HOST: localhost:8080 HttpMethod: GET
URI: /api/users/1222
API METHOD: com.atos.airfrance.codingame.controllers.UserController.get
Arguments(Inputs): [1222]

2021-06-29 10:14:18,769 [http-nio-8080-exec-6] INFO  c.a.a.codingame.aspect.LoggingAspect               - 
Exception when executing method : User com.atos.airfrance.codingame.services.UserService.getUser(Long) 
details :   No record found
